<?xml version="1.0" encoding="UTF-8"?>
<!-- Generated by org.testng.reporters.JUnitXMLReporter -->
<testsuite hostname="Srini-Latitude" ignored="0" name="Test" tests="6" failures="0" timestamp="2019-10-26T00:37:37 CDT" time="0.138" errors="0">
  <testcase name="api" time="0.012" classname="mymaven.RestapiTest"/>
  <testcase name="deletetwitter" time="0.0" classname="mymaven.RestapiTest"/>
  <testcase name="appiummethod" time="0.0" classname="mymaven.AppiumTest"/>
  <testcase name="mobilelogin" time="0.0" classname="mymaven.AppiumTest"/>
  <testcase name="weblogin" time="0.0" classname="mymaven.SeleniumTest"/>
  <testcase name="webtest" time="0.0" classname="mymaven.SeleniumTest"/>
</testsuite> <!-- Test -->
